
2016-02-29 21:36:10
[ERROR]-[Thread: main]-[com.jfinal.kit.LogKit.error()]: Can not create instance of class: com.demo.common.config.DemoConfig. Please check the config in web.xml
java.lang.RuntimeException: Can not create instance of class: com.demo.common.config.DemoConfig. Please check the config in web.xml
	at com.jfinal.core.JFinalFilter.createJFinalConfig(JFinalFilter.java:104)
	at com.jfinal.core.JFinalFilter.init(JFinalFilter.java:47)
	at org.eclipse.jetty.servlet.FilterHolder.doStart(FilterHolder.java:119)
	at org.eclipse.jetty.util.component.AbstractLifeCycle.start(AbstractLifeCycle.java:64)
	at org.eclipse.jetty.servlet.ServletHandler.initialize(ServletHandler.java:724)
	at org.eclipse.jetty.servlet.ServletContextHandler.startContext(ServletContextHandler.java:265)
	at org.eclipse.jetty.webapp.WebAppContext.startContext(WebAppContext.java:1250)
	at org.eclipse.jetty.server.handler.ContextHandler.doStart(ContextHandler.java:706)
	at org.eclipse.jetty.webapp.WebAppContext.doStart(WebAppContext.java:492)
	at org.eclipse.jetty.util.component.AbstractLifeCycle.start(AbstractLifeCycle.java:64)
	at org.eclipse.jetty.server.handler.HandlerWrapper.doStart(HandlerWrapper.java:95)
	at org.eclipse.jetty.server.Server.doStart(Server.java:277)
	at org.eclipse.jetty.util.component.AbstractLifeCycle.start(AbstractLifeCycle.java:64)
	at com.jfinal.server.JettyServer.doStart(JettyServer.java:122)
	at com.jfinal.server.JettyServer.start(JettyServer.java:65)
	at com.jfinal.core.JFinal.start(JFinal.java:154)
	at com.demo.common.config.DemoConfig.main(DemoConfig.java:78)

2016-02-29 21:48:04
[WARN]-[Thread: Timer-0]-[com.mchange.v2.async.ThreadPoolAsynchronousRunner$DeadlockDetector.run()]: com.mchange.v2.async.ThreadPoolAsynchronousRunner$DeadlockDetector@4e0a39de -- APPARENT DEADLOCK!!! Creating emergency threads for unassigned pending tasks!

2016-02-29 21:48:04
[WARN]-[Thread: Timer-0]-[com.mchange.v2.async.ThreadPoolAsynchronousRunner$DeadlockDetector.run()]: com.mchange.v2.async.ThreadPoolAsynchronousRunner$DeadlockDetector@4e0a39de -- APPARENT DEADLOCK!!! Complete Status: 
	Managed Threads: 3
	Active Threads: 3
	Active Tasks: 
		com.mchange.v2.resourcepool.BasicResourcePool$AcquireTask@2224ea85 (com.mchange.v2.async.ThreadPoolAsynchronousRunner$PoolThread-#0)
		com.mchange.v2.resourcepool.BasicResourcePool$AcquireTask@25a0d346 (com.mchange.v2.async.ThreadPoolAsynchronousRunner$PoolThread-#2)
		com.mchange.v2.resourcepool.BasicResourcePool$AcquireTask@618eabf6 (com.mchange.v2.async.ThreadPoolAsynchronousRunner$PoolThread-#1)
	Pending Tasks: 
		com.mchange.v2.resourcepool.BasicResourcePool$AcquireTask@5dbbd583
		com.mchange.v2.resourcepool.BasicResourcePool$AcquireTask@56bebb88
		com.mchange.v2.resourcepool.BasicResourcePool$AcquireTask@40a0a36
		com.mchange.v2.resourcepool.BasicResourcePool$AcquireTask@2f24614c
		com.mchange.v2.resourcepool.BasicResourcePool$AcquireTask@7d6fdcc1
		com.mchange.v2.resourcepool.BasicResourcePool$1DestroyResourceTask@3b06433d
		com.mchange.v2.resourcepool.BasicResourcePool$AcquireTask@18287811
Pool thread stack traces:
	Thread[com.mchange.v2.async.ThreadPoolAsynchronousRunner$PoolThread-#0,5,main]
		java.net.SocketInputStream.socketRead0(Native Method)
		java.net.SocketInputStream.read(SocketInputStream.java:129)
		com.mysql.jdbc.util.ReadAheadInputStream.fill(ReadAheadInputStream.java:114)
		com.mysql.jdbc.util.ReadAheadInputStream.readFromUnderlyingStreamIfNecessary(ReadAheadInputStream.java:161)
		com.mysql.jdbc.util.ReadAheadInputStream.read(ReadAheadInputStream.java:189)
		com.mysql.jdbc.MysqlIO.readFully(MysqlIO.java:3036)
		com.mysql.jdbc.MysqlIO.readPacket(MysqlIO.java:624)
		com.mysql.jdbc.MysqlIO.doHandshake(MysqlIO.java:1110)
		com.mysql.jdbc.ConnectionImpl.coreConnect(ConnectionImpl.java:2395)
		com.mysql.jdbc.ConnectionImpl.connectOneTryOnly(ConnectionImpl.java:2428)
		com.mysql.jdbc.ConnectionImpl.createNewIO(ConnectionImpl.java:2213)
		com.mysql.jdbc.ConnectionImpl.<init>(ConnectionImpl.java:797)
		com.mysql.jdbc.JDBC4Connection.<init>(JDBC4Connection.java:47)
		sun.reflect.GeneratedConstructorAccessor6.newInstance(Unknown Source)
		sun.reflect.DelegatingConstructorAccessorImpl.newInstance(DelegatingConstructorAccessorImpl.java:27)
		java.lang.reflect.Constructor.newInstance(Constructor.java:513)
		com.mysql.jdbc.Util.handleNewInstance(Util.java:411)
		com.mysql.jdbc.ConnectionImpl.getInstance(ConnectionImpl.java:389)
		com.mysql.jdbc.NonRegisteringDriver.connect(NonRegisteringDriver.java:305)
		com.mchange.v2.c3p0.DriverManagerDataSource.getConnection(DriverManagerDataSource.java:134)
		com.mchange.v2.c3p0.WrapperConnectionPoolDataSource.getPooledConnection(WrapperConnectionPoolDataSource.java:182)
		com.mchange.v2.c3p0.WrapperConnectionPoolDataSource.getPooledConnection(WrapperConnectionPoolDataSource.java:171)
		com.mchange.v2.c3p0.impl.C3P0PooledConnectionPool$1PooledConnectionResourcePoolManager.acquireResource(C3P0PooledConnectionPool.java:137)
		com.mchange.v2.resourcepool.BasicResourcePool.doAcquire(BasicResourcePool.java:1014)
		com.mchange.v2.resourcepool.BasicResourcePool.access$800(BasicResourcePool.java:32)
		com.mchange.v2.resourcepool.BasicResourcePool$AcquireTask.run(BasicResourcePool.java:1810)
		com.mchange.v2.async.ThreadPoolAsynchronousRunner$PoolThread.run(ThreadPoolAsynchronousRunner.java:547)
	Thread[com.mchange.v2.async.ThreadPoolAsynchronousRunner$PoolThread-#2,5,main]
		java.net.SocketInputStream.socketRead0(Native Method)
		java.net.SocketInputStream.read(SocketInputStream.java:129)
		com.mysql.jdbc.util.ReadAheadInputStream.fill(ReadAheadInputStream.java:114)
		com.mysql.jdbc.util.ReadAheadInputStream.readFromUnderlyingStreamIfNecessary(ReadAheadInputStream.java:161)
		com.mysql.jdbc.util.ReadAheadInputStream.read(ReadAheadInputStream.java:189)
		com.mysql.jdbc.MysqlIO.readFully(MysqlIO.java:3036)
		com.mysql.jdbc.MysqlIO.reuseAndReadPacket(MysqlIO.java:3489)
		com.mysql.jdbc.MysqlIO.reuseAndReadPacket(MysqlIO.java:3478)
		com.mysql.jdbc.MysqlIO.checkErrorPacket(MysqlIO.java:4019)
		com.mysql.jdbc.MysqlIO.sendCommand(MysqlIO.java:2490)
		com.mysql.jdbc.MysqlIO.sqlQueryDirect(MysqlIO.java:2651)
		com.mysql.jdbc.ConnectionImpl.execSQL(ConnectionImpl.java:2677)
		com.mysql.jdbc.ConnectionImpl.setupServerForTruncationChecks(ConnectionImpl.java:5361)
		com.mysql.jdbc.ConnectionImpl.initializePropsFromServer(ConnectionImpl.java:3624)
		com.mysql.jdbc.ConnectionImpl.connectOneTryOnly(ConnectionImpl.java:2443)
		com.mysql.jdbc.ConnectionImpl.createNewIO(ConnectionImpl.java:2213)
		com.mysql.jdbc.ConnectionImpl.<init>(ConnectionImpl.java:797)
		com.mysql.jdbc.JDBC4Connection.<init>(JDBC4Connection.java:47)
		sun.reflect.GeneratedConstructorAccessor6.newInstance(Unknown Source)
		sun.reflect.DelegatingConstructorAccessorImpl.newInstance(DelegatingConstructorAccessorImpl.java:27)
		java.lang.reflect.Constructor.newInstance(Constructor.java:513)
		com.mysql.jdbc.Util.handleNewInstance(Util.java:411)
		com.mysql.jdbc.ConnectionImpl.getInstance(ConnectionImpl.java:389)
		com.mysql.jdbc.NonRegisteringDriver.connect(NonRegisteringDriver.java:305)
		com.mchange.v2.c3p0.DriverManagerDataSource.getConnection(DriverManagerDataSource.java:134)
		com.mchange.v2.c3p0.WrapperConnectionPoolDataSource.getPooledConnection(WrapperConnectionPoolDataSource.java:182)
		com.mchange.v2.c3p0.WrapperConnectionPoolDataSource.getPooledConnection(WrapperConnectionPoolDataSource.java:171)
		com.mchange.v2.c3p0.impl.C3P0PooledConnectionPool$1PooledConnectionResourcePoolManager.acquireResource(C3P0PooledConnectionPool.java:137)
		com.mchange.v2.resourcepool.BasicResourcePool.doAcquire(BasicResourcePool.java:1014)
		com.mchange.v2.resourcepool.BasicResourcePool.access$800(BasicResourcePool.java:32)
		com.mchange.v2.resourcepool.BasicResourcePool$AcquireTask.run(BasicResourcePool.java:1810)
		com.mchange.v2.async.ThreadPoolAsynchronousRunner$PoolThread.run(ThreadPoolAsynchronousRunner.java:547)
	Thread[com.mchange.v2.async.ThreadPoolAsynchronousRunner$PoolThread-#1,5,main]
		java.net.SocketInputStream.socketRead0(Native Method)
		java.net.SocketInputStream.read(SocketInputStream.java:129)
		com.mysql.jdbc.util.ReadAheadInputStream.fill(ReadAheadInputStream.java:114)
		com.mysql.jdbc.util.ReadAheadInputStream.readFromUnderlyingStreamIfNecessary(ReadAheadInputStream.java:161)
		com.mysql.jdbc.util.ReadAheadInputStream.read(ReadAheadInputStream.java:189)
		com.mysql.jdbc.MysqlIO.readFully(MysqlIO.java:3036)
		com.mysql.jdbc.MysqlIO.nextRowFast(MysqlIO.java:2147)
		com.mysql.jdbc.MysqlIO.nextRow(MysqlIO.java:1922)
		com.mysql.jdbc.MysqlIO.readSingleRowSet(MysqlIO.java:3423)
		com.mysql.jdbc.MysqlIO.getResultSet(MysqlIO.java:481)
		com.mysql.jdbc.MysqlIO.readResultsForQueryOrUpdate(MysqlIO.java:3118)
		com.mysql.jdbc.MysqlIO.readAllResults(MysqlIO.java:2288)
		com.mysql.jdbc.MysqlIO.sqlQueryDirect(MysqlIO.java:2709)
		com.mysql.jdbc.ConnectionImpl.execSQL(ConnectionImpl.java:2677)
		com.mysql.jdbc.ConnectionImpl.execSQL(ConnectionImpl.java:2627)
		com.mysql.jdbc.StatementImpl.executeQuery(StatementImpl.java:1556)
		com.mysql.jdbc.ConnectionImpl.buildCollationMapping(ConnectionImpl.java:962)
		com.mysql.jdbc.ConnectionImpl.initializePropsFromServer(ConnectionImpl.java:3451)
		com.mysql.jdbc.ConnectionImpl.connectOneTryOnly(ConnectionImpl.java:2443)
		com.mysql.jdbc.ConnectionImpl.createNewIO(ConnectionImpl.java:2213)
		com.mysql.jdbc.ConnectionImpl.<init>(ConnectionImpl.java:797)
		com.mysql.jdbc.JDBC4Connection.<init>(JDBC4Connection.java:47)
		sun.reflect.GeneratedConstructorAccessor6.newInstance(Unknown Source)
		sun.reflect.DelegatingConstructorAccessorImpl.newInstance(DelegatingConstructorAccessorImpl.java:27)
		java.lang.reflect.Constructor.newInstance(Constructor.java:513)
		com.mysql.jdbc.Util.handleNewInstance(Util.java:411)
		com.mysql.jdbc.ConnectionImpl.getInstance(ConnectionImpl.java:389)
		com.mysql.jdbc.NonRegisteringDriver.connect(NonRegisteringDriver.java:305)
		com.mchange.v2.c3p0.DriverManagerDataSource.getConnection(DriverManagerDataSource.java:134)
		com.mchange.v2.c3p0.WrapperConnectionPoolDataSource.getPooledConnection(WrapperConnectionPoolDataSource.java:182)
		com.mchange.v2.c3p0.WrapperConnectionPoolDataSource.getPooledConnection(WrapperConnectionPoolDataSource.java:171)
		com.mchange.v2.c3p0.impl.C3P0PooledConnectionPool$1PooledConnectionResourcePoolManager.acquireResource(C3P0PooledConnectionPool.java:137)
		com.mchange.v2.resourcepool.BasicResourcePool.doAcquire(BasicResourcePool.java:1014)
		com.mchange.v2.resourcepool.BasicResourcePool.access$800(BasicResourcePool.java:32)
		com.mchange.v2.resourcepool.BasicResourcePool$AcquireTask.run(BasicResourcePool.java:1810)
		com.mchange.v2.async.ThreadPoolAsynchronousRunner$PoolThread.run(ThreadPoolAsynchronousRunner.java:547)


